{"numFailedTestSuites":1,"numFailedTests":1,"numPassedTestSuites":0,"numPassedTests":4,"numPendingTestSuites":0,"numPendingTests":0,"numRuntimeErrorTestSuites":0,"numTodoTests":0,"numTotalTestSuites":1,"numTotalTests":5,"openHandles":[],"snapshot":{"added":0,"didUpdate":false,"failure":false,"filesAdded":0,"filesRemoved":0,"filesRemovedList":[],"filesUnmatched":0,"filesUpdated":0,"matched":0,"total":0,"unchecked":0,"uncheckedKeysByFile":[],"unmatched":0,"updated":0},"startTime":1746419382463,"success":false,"testResults":[{"assertionResults":[{"ancestorTitles":["Friend Integration Tests"],"duration":496,"failureDetails":[],"failureMessages":[],"fullName":"Friend Integration Tests Full signup, login, and friendship flow","invocations":1,"location":null,"numPassingAsserts":22,"retryReasons":[],"status":"passed","title":"Full signup, login, and friendship flow"},{"ancestorTitles":["Kafka Integration Tests"],"duration":1105,"failureDetails":[],"failureMessages":[],"fullName":"Kafka Integration Tests Create post and verify it gets sent to Kafka","invocations":1,"location":null,"numPassingAsserts":7,"retryReasons":[],"status":"passed","title":"Create post and verify it gets sent to Kafka"},{"ancestorTitles":["Kafka Integration Tests"],"duration":32,"failureDetails":[{"matcherResult":{"actual":false,"expected":true,"message":"\u001b[2mexpect(\u001b[22m\u001b[31mreceived\u001b[39m\u001b[2m).\u001b[22mtoBe\u001b[2m(\u001b[22m\u001b[32mexpected\u001b[39m\u001b[2m) // Object.is equality\u001b[22m\n\nExpected: \u001b[32mtrue\u001b[39m\nReceived: \u001b[31mfalse\u001b[39m","name":"toBe","pass":false}}],"failureMessages":["Error: \u001b[2mexpect(\u001b[22m\u001b[31mreceived\u001b[39m\u001b[2m).\u001b[22mtoBe\u001b[2m(\u001b[22m\u001b[32mexpected\u001b[39m\u001b[2m) // Object.is equality\u001b[22m\n\nExpected: \u001b[32mtrue\u001b[39m\nReceived: \u001b[31mfalse\u001b[39m\n    at Object.toBe (/root/nets2120/project-instalite-wahoo/server/tests/integration.test.js:540:26)\n    at processTicksAndRejections (node:internal/process/task_queues:105:5)"],"fullName":"Kafka Integration Tests Fetch Kafka posts from feed endpoint","invocations":1,"location":null,"numPassingAsserts":2,"retryReasons":[],"status":"failed","title":"Fetch Kafka posts from feed endpoint"},{"ancestorTitles":["Kafka Integration Tests"],"duration":1700,"failureDetails":[],"failureMessages":[],"fullName":"Kafka Integration Tests Create post with image and verify Kafka processing","invocations":1,"location":null,"numPassingAsserts":3,"retryReasons":[],"status":"passed","title":"Create post with image and verify Kafka processing"},{"ancestorTitles":["Kafka Integration Tests"],"duration":1566,"failureDetails":[],"failureMessages":[],"fullName":"Kafka Integration Tests Test Kafka with mocked image","invocations":1,"location":null,"numPassingAsserts":2,"retryReasons":[],"status":"passed","title":"Test Kafka with mocked image"}],"endTime":1746419391324,"message":"\u001b[1m\u001b[31m  \u001b[1m● \u001b[22m\u001b[1mKafka Integration Tests › Fetch Kafka posts from feed endpoint\u001b[39m\u001b[22m\n\n    \u001b[2mexpect(\u001b[22m\u001b[31mreceived\u001b[39m\u001b[2m).\u001b[22mtoBe\u001b[2m(\u001b[22m\u001b[32mexpected\u001b[39m\u001b[2m) // Object.is equality\u001b[22m\n\n    Expected: \u001b[32mtrue\u001b[39m\n    Received: \u001b[31mfalse\u001b[39m\n\u001b[2m\u001b[22m\n\u001b[2m    \u001b[0m \u001b[90m 538 |\u001b[39m       )\u001b[33m;\u001b[39m\u001b[22m\n\u001b[2m     \u001b[90m 539 |\u001b[39m       \u001b[22m\n\u001b[2m    \u001b[31m\u001b[1m>\u001b[22m\u001b[2m\u001b[39m\u001b[90m 540 |\u001b[39m       expect(postInFeed)\u001b[33m.\u001b[39mtoBe(\u001b[36mtrue\u001b[39m)\u001b[33m;\u001b[39m\u001b[22m\n\u001b[2m     \u001b[90m     |\u001b[39m                          \u001b[31m\u001b[1m^\u001b[22m\u001b[2m\u001b[39m\u001b[22m\n\u001b[2m     \u001b[90m 541 |\u001b[39m       console\u001b[33m.\u001b[39mlog(\u001b[32m'Successfully found BlueSky test post in feed'\u001b[39m)\u001b[33m;\u001b[39m\u001b[22m\n\u001b[2m     \u001b[90m 542 |\u001b[39m     \u001b[22m\n\u001b[2m     \u001b[90m 543 |\u001b[39m       \u001b[90m// cleanup\u001b[39m\u001b[0m\u001b[22m\n\u001b[2m\u001b[22m\n\u001b[2m      \u001b[2mat Object.toBe (\u001b[22m\u001b[2m\u001b[0m\u001b[36mserver/tests/integration.test.js\u001b[39m\u001b[0m\u001b[2m:540:26)\u001b[22m\u001b[2m\u001b[22m\n","name":"/root/nets2120/project-instalite-wahoo/server/tests/integration.test.js","startTime":1746419382513,"status":"failed","summary":""}],"wasInterrupted":false}
