{"numFailedTestSuites":1,"numFailedTests":1,"numPassedTestSuites":3,"numPassedTests":10,"numPendingTestSuites":0,"numPendingTests":0,"numRuntimeErrorTestSuites":0,"numTodoTests":0,"numTotalTestSuites":4,"numTotalTests":11,"openHandles":[],"snapshot":{"added":0,"didUpdate":false,"failure":false,"filesAdded":0,"filesRemoved":0,"filesRemovedList":[],"filesUnmatched":0,"filesUpdated":0,"matched":0,"total":0,"unchecked":0,"uncheckedKeysByFile":[],"unmatched":0,"updated":0},"startTime":1745257253654,"success":false,"testResults":[{"assertionResults":[{"ancestorTitles":["S3 File Upload and Retrieval"],"duration":23,"failureDetails":[{}],"failureMessages":["Error: Test file not found: /root/nets2120/project-instalite-wahoo/instalite/server/tests/laurenbacall.jpeg\n    at Object.<anonymous> (/root/nets2120/instalite/server/tests/imageupload.test.js:21:19)\n    at Promise.then.completed (/root/nets2120/instalite/node_modules/jest-circus/build/utils.js:298:28)\n    at new Promise (<anonymous>)\n    at callAsyncCircusFn (/root/nets2120/instalite/node_modules/jest-circus/build/utils.js:231:10)\n    at _callCircusTest (/root/nets2120/instalite/node_modules/jest-circus/build/run.js:316:40)\n    at _runTest (/root/nets2120/instalite/node_modules/jest-circus/build/run.js:252:3)\n    at _runTestsForDescribeBlock (/root/nets2120/instalite/node_modules/jest-circus/build/run.js:126:9)\n    at _runTestsForDescribeBlock (/root/nets2120/instalite/node_modules/jest-circus/build/run.js:121:9)\n    at run (/root/nets2120/instalite/node_modules/jest-circus/build/run.js:71:3)\n    at runAndTransformResultsToJestFormat (/root/nets2120/instalite/node_modules/jest-circus/build/legacy-code-todo-rewrite/jestAdapterInit.js:122:21)\n    at jestAdapter (/root/nets2120/instalite/node_modules/jest-circus/build/legacy-code-todo-rewrite/jestAdapter.js:79:19)\n    at runTestInternal (/root/nets2120/instalite/node_modules/jest-runner/build/runTest.js:367:16)\n    at runTest (/root/nets2120/instalite/node_modules/jest-runner/build/runTest.js:444:34)"],"fullName":"S3 File Upload and Retrieval should upload and retrieve a file from S3","invocations":1,"location":null,"numPassingAsserts":0,"retryReasons":[],"status":"failed","title":"should upload and retrieve a file from S3"}],"endTime":1745257333042,"message":"\u001b[1m\u001b[31m  \u001b[1m● \u001b[22m\u001b[1mS3 File Upload and Retrieval › should upload and retrieve a file from S3\u001b[39m\u001b[22m\n\n    Test file not found: /root/nets2120/project-instalite-wahoo/instalite/server/tests/laurenbacall.jpeg\n\u001b[2m\u001b[22m\n\u001b[2m    \u001b[0m \u001b[90m 19 |\u001b[39m         \u001b[90m// Ensure the test file exists\u001b[39m\u001b[22m\n\u001b[2m     \u001b[90m 20 |\u001b[39m         \u001b[36mif\u001b[39m (\u001b[33m!\u001b[39mfs\u001b[33m.\u001b[39mexistsSync(testFilePath)) {\u001b[22m\n\u001b[2m    \u001b[31m\u001b[1m>\u001b[22m\u001b[2m\u001b[39m\u001b[90m 21 |\u001b[39m             \u001b[36mthrow\u001b[39m \u001b[36mnew\u001b[39m \u001b[33mError\u001b[39m(\u001b[32m`Test file not found: ${testFilePath}`\u001b[39m)\u001b[33m;\u001b[39m\u001b[22m\n\u001b[2m     \u001b[90m    |\u001b[39m                   \u001b[31m\u001b[1m^\u001b[22m\u001b[2m\u001b[39m\u001b[22m\n\u001b[2m     \u001b[90m 22 |\u001b[39m         }\u001b[22m\n\u001b[2m     \u001b[90m 23 |\u001b[39m\u001b[22m\n\u001b[2m     \u001b[90m 24 |\u001b[39m         \u001b[90m// Upload the file to S3\u001b[39m\u001b[0m\u001b[22m\n\u001b[2m\u001b[22m\n\u001b[2m      \u001b[2mat Object.<anonymous> (\u001b[22m\u001b[2m\u001b[0m\u001b[36mserver/tests/imageupload.test.js\u001b[39m\u001b[0m\u001b[2m:21:19)\u001b[22m\u001b[2m\u001b[22m\n","name":"/root/nets2120/instalite/server/tests/imageupload.test.js","startTime":1745257258222,"status":"failed","summary":""},{"assertionResults":[{"ancestorTitles":["Socket.io Chat Tests"],"duration":1166,"failureDetails":[],"failureMessages":[],"fullName":"Socket.io Chat Tests should send and receive messages","invocations":1,"location":null,"numPassingAsserts":3,"retryReasons":[],"status":"passed","title":"should send and receive messages"},{"ancestorTitles":["Socket.io Chat Tests"],"duration":317,"failureDetails":[],"failureMessages":[],"fullName":"Socket.io Chat Tests should handle leaving a chat","invocations":1,"location":null,"numPassingAsserts":1,"retryReasons":[],"status":"passed","title":"should handle leaving a chat"}],"endTime":1745257365957,"message":"","name":"/root/nets2120/instalite/server/tests/chatmode.test.js","startTime":1745257333303,"status":"passed","summary":""},{"assertionResults":[{"ancestorTitles":["TSV Indexing Pipeline"],"duration":157,"failureDetails":[],"failureMessages":[],"fullName":"TSV Indexing Pipeline Should parse TSV content correctly","invocations":1,"location":null,"numPassingAsserts":1,"retryReasons":[],"status":"passed","title":"Should parse TSV content correctly"},{"ancestorTitles":["TSV Indexing Pipeline"],"duration":1559,"failureDetails":[],"failureMessages":[],"fullName":"TSV Indexing Pipeline Should generate embedding of 1536 dimensions","invocations":1,"location":null,"numPassingAsserts":1537,"retryReasons":[],"status":"passed","title":"Should generate embedding of 1536 dimensions"}],"endTime":1745257380220,"message":"","name":"/root/nets2120/instalite/server/tests/chatbot.test.js","startTime":1745257366216,"status":"passed","summary":""},{"assertionResults":[{"ancestorTitles":[],"duration":303,"failureDetails":[],"failureMessages":[],"fullName":"Hello world","invocations":1,"location":null,"numPassingAsserts":0,"retryReasons":[],"status":"passed","title":"Hello world"},{"ancestorTitles":["Testing createPost"],"duration":1132,"failureDetails":[],"failureMessages":[],"fullName":"Testing createPost postLogin: for posting","invocations":1,"location":null,"numPassingAsserts":1,"retryReasons":[],"status":"passed","title":"postLogin: for posting"},{"ancestorTitles":["Testing createPost"],"duration":40,"failureDetails":[],"failureMessages":[],"fullName":"Testing createPost createPost: not logged in","invocations":1,"location":null,"numPassingAsserts":1,"retryReasons":[],"status":"passed","title":"createPost: not logged in"},{"ancestorTitles":["Testing createPost"],"duration":26,"failureDetails":[],"failureMessages":[],"fullName":"Testing createPost createPost: missing field","invocations":1,"location":null,"numPassingAsserts":1,"retryReasons":[],"status":"passed","title":"createPost: missing field"},{"ancestorTitles":["Testing createPost"],"duration":27,"failureDetails":[],"failureMessages":[],"fullName":"Testing createPost createPost: bad entry","invocations":1,"location":null,"numPassingAsserts":1,"retryReasons":[],"status":"passed","title":"createPost: bad entry"},{"ancestorTitles":["Testing createPost"],"duration":2925,"failureDetails":[],"failureMessages":[],"fullName":"Testing createPost createPost: (successful)","invocations":1,"location":null,"numPassingAsserts":1,"retryReasons":[],"status":"passed","title":"createPost: (successful)"}],"endTime":1745257534648,"message":"","name":"/root/nets2120/instalite/server/tests/feed.test.js","startTime":1745257380337,"status":"passed","summary":""}],"wasInterrupted":false}
