{"numFailedTestSuites":0,"numFailedTests":0,"numPassedTestSuites":1,"numPassedTests":5,"numPendingTestSuites":0,"numPendingTests":0,"numRuntimeErrorTestSuites":0,"numTodoTests":0,"numTotalTestSuites":1,"numTotalTests":5,"openHandles":[],"snapshot":{"added":0,"didUpdate":false,"failure":false,"filesAdded":0,"filesRemoved":0,"filesRemovedList":[],"filesUnmatched":0,"filesUpdated":0,"matched":0,"total":0,"unchecked":0,"uncheckedKeysByFile":[],"unmatched":0,"updated":0},"startTime":1746463844485,"success":true,"testResults":[{"assertionResults":[{"ancestorTitles":["Friend Integration Tests"],"duration":377,"failureDetails":[],"failureMessages":[],"fullName":"Friend Integration Tests Full signup, login, and friendship flow","invocations":1,"location":null,"numPassingAsserts":22,"retryReasons":[],"status":"passed","title":"Full signup, login, and friendship flow"},{"ancestorTitles":["Kafka Integration Tests"],"duration":1097,"failureDetails":[],"failureMessages":[],"fullName":"Kafka Integration Tests Create post and verify it gets sent to Kafka","invocations":1,"location":null,"numPassingAsserts":7,"retryReasons":[],"status":"passed","title":"Create post and verify it gets sent to Kafka"},{"ancestorTitles":["Kafka Integration Tests"],"duration":25,"failureDetails":[],"failureMessages":[],"fullName":"Kafka Integration Tests Fetch Kafka posts from feed endpoint","invocations":1,"location":null,"numPassingAsserts":3,"retryReasons":[],"status":"passed","title":"Fetch Kafka posts from feed endpoint"},{"ancestorTitles":["Kafka Integration Tests"],"duration":1814,"failureDetails":[],"failureMessages":[],"fullName":"Kafka Integration Tests Create post with image and verify Kafka processing","invocations":1,"location":null,"numPassingAsserts":3,"retryReasons":[],"status":"passed","title":"Create post with image and verify Kafka processing"},{"ancestorTitles":["Kafka Integration Tests"],"duration":1572,"failureDetails":[],"failureMessages":[],"fullName":"Kafka Integration Tests Test Kafka with mocked image","invocations":1,"location":null,"numPassingAsserts":2,"retryReasons":[],"status":"passed","title":"Test Kafka with mocked image"}],"endTime":1746463854313,"message":"","name":"/root/nets2120/project-instalite-wahoo/server/tests/integration.test.js","startTime":1746463844522,"status":"passed","summary":""}],"wasInterrupted":false}
