{"numFailedTestSuites":1,"numFailedTests":5,"numPassedTestSuites":0,"numPassedTests":0,"numPendingTestSuites":0,"numPendingTests":0,"numRuntimeErrorTestSuites":1,"numTodoTests":0,"numTotalTestSuites":1,"numTotalTests":5,"openHandles":[],"snapshot":{"added":0,"didUpdate":false,"failure":false,"filesAdded":0,"filesRemoved":0,"filesRemovedList":[],"filesUnmatched":0,"filesUpdated":0,"matched":0,"total":0,"unchecked":0,"uncheckedKeysByFile":[],"unmatched":0,"updated":0},"startTime":1746434763299,"success":false,"testResults":[{"assertionResults":[{"ancestorTitles":["Friend Integration Tests"],"duration":5006,"failureDetails":[{},{"message":"thrown: \"Exceeded timeout of 5000 ms for a test.\nAdd a timeout value to this test to increase the timeout, if this is a long-running test. See https://jestjs.io/docs/api#testname-fn-timeout.\""}],"failureMessages":["TypeError: Cannot read properties of undefined (reading 'trim')\n    at trim (/root/nets2120/project-instalite-wahoo/server/routes/routes.js:78:20)\n    at Layer.handle [as handle_request] (/root/nets2120/project-instalite-wahoo/node_modules/express/lib/router/layer.js:95:5)\n    at next (/root/nets2120/project-instalite-wahoo/node_modules/express/lib/router/route.js:149:13)\n    at Route.dispatch (/root/nets2120/project-instalite-wahoo/node_modules/express/lib/router/route.js:119:3)\n    at Layer.handle [as handle_request] (/root/nets2120/project-instalite-wahoo/node_modules/express/lib/router/layer.js:95:5)\n    at /root/nets2120/project-instalite-wahoo/node_modules/express/lib/router/index.js:284:15\n    at Function.process_params (/root/nets2120/project-instalite-wahoo/node_modules/express/lib/router/index.js:346:12)\n    at next (/root/nets2120/project-instalite-wahoo/node_modules/express/lib/router/index.js:280:10)\n    at session (/root/nets2120/project-instalite-wahoo/node_modules/express-session/index.js:487:7)\n    at Layer.handle [as handle_request] (/root/nets2120/project-instalite-wahoo/node_modules/express/lib/router/layer.js:95:5)\n    at trim_prefix (/root/nets2120/project-instalite-wahoo/node_modules/express/lib/router/index.js:328:13)\n    at /root/nets2120/project-instalite-wahoo/node_modules/express/lib/router/index.js:286:9\n    at Function.process_params (/root/nets2120/project-instalite-wahoo/node_modules/express/lib/router/index.js:346:12)\n    at next (/root/nets2120/project-instalite-wahoo/node_modules/express/lib/router/index.js:280:10)\n    at /root/nets2120/project-instalite-wahoo/node_modules/body-parser/lib/read.js:137:5\n    at AsyncResource.runInAsyncScope (node:async_hooks:211:14)\n    at invokeCallback (/root/nets2120/project-instalite-wahoo/node_modules/raw-body/index.js:238:16)\n    at done (/root/nets2120/project-instalite-wahoo/node_modules/raw-body/index.js:227:7)\n    at IncomingMessage.onEnd (/root/nets2120/project-instalite-wahoo/node_modules/raw-body/index.js:287:7)\n    at IncomingMessage.emit (node:events:524:28)\n    at endReadableNT (node:internal/streams/readable:1698:12)\n    at processTicksAndRejections (node:internal/process/task_queues:90:21)","Error: thrown: \"Exceeded timeout of 5000 ms for a test.\nAdd a timeout value to this test to increase the timeout, if this is a long-running test. See https://jestjs.io/docs/api#testname-fn-timeout.\"\n    at test (/root/nets2120/project-instalite-wahoo/server/tests/integration.test.js:171:3)\n    at _dispatchDescribe (/root/nets2120/project-instalite-wahoo/node_modules/jest-circus/build/index.js:91:26)\n    at describe (/root/nets2120/project-instalite-wahoo/node_modules/jest-circus/build/index.js:55:5)\n    at describe (/root/nets2120/project-instalite-wahoo/server/tests/integration.test.js:170:1)\n    at processTicksAndRejections (node:internal/process/task_queues:105:5)"],"fullName":"Friend Integration Tests Full signup, login, and friendship flow","invocations":1,"location":null,"numPassingAsserts":2,"retryReasons":[],"status":"failed","title":"Full signup, login, and friendship flow"},{"ancestorTitles":["Kafka Integration Tests"],"duration":18,"failureDetails":[{"message":"thrown: \"Exceeded timeout of 5000 ms for a hook.\nAdd a timeout value to this test to increase the timeout, if this is a long-running test. See https://jestjs.io/docs/api#testname-fn-timeout.\""}],"failureMessages":["Error: thrown: \"Exceeded timeout of 5000 ms for a hook.\nAdd a timeout value to this test to increase the timeout, if this is a long-running test. See https://jestjs.io/docs/api#testname-fn-timeout.\"\n    at beforeAll (/root/nets2120/project-instalite-wahoo/server/tests/integration.test.js:410:3)\n    at _dispatchDescribe (/root/nets2120/project-instalite-wahoo/node_modules/jest-circus/build/index.js:91:26)\n    at describe (/root/nets2120/project-instalite-wahoo/node_modules/jest-circus/build/index.js:55:5)\n    at describe (/root/nets2120/project-instalite-wahoo/server/tests/integration.test.js:365:1)\n    at processTicksAndRejections (node:internal/process/task_queues:105:5)"],"fullName":"Kafka Integration Tests Create post and verify it gets sent to Kafka","invocations":1,"location":null,"numPassingAsserts":0,"retryReasons":[],"status":"failed","title":"Create post and verify it gets sent to Kafka"},{"ancestorTitles":["Kafka Integration Tests"],"duration":2,"failureDetails":[{"message":"thrown: \"Exceeded timeout of 5000 ms for a hook.\nAdd a timeout value to this test to increase the timeout, if this is a long-running test. See https://jestjs.io/docs/api#testname-fn-timeout.\""}],"failureMessages":["Error: thrown: \"Exceeded timeout of 5000 ms for a hook.\nAdd a timeout value to this test to increase the timeout, if this is a long-running test. See https://jestjs.io/docs/api#testname-fn-timeout.\"\n    at beforeAll (/root/nets2120/project-instalite-wahoo/server/tests/integration.test.js:410:3)\n    at _dispatchDescribe (/root/nets2120/project-instalite-wahoo/node_modules/jest-circus/build/index.js:91:26)\n    at describe (/root/nets2120/project-instalite-wahoo/node_modules/jest-circus/build/index.js:55:5)\n    at describe (/root/nets2120/project-instalite-wahoo/server/tests/integration.test.js:365:1)\n    at processTicksAndRejections (node:internal/process/task_queues:105:5)"],"fullName":"Kafka Integration Tests Fetch Kafka posts from feed endpoint","invocations":1,"location":null,"numPassingAsserts":0,"retryReasons":[],"status":"failed","title":"Fetch Kafka posts from feed endpoint"},{"ancestorTitles":["Kafka Integration Tests"],"duration":1,"failureDetails":[{"message":"thrown: \"Exceeded timeout of 5000 ms for a hook.\nAdd a timeout value to this test to increase the timeout, if this is a long-running test. See https://jestjs.io/docs/api#testname-fn-timeout.\""}],"failureMessages":["Error: thrown: \"Exceeded timeout of 5000 ms for a hook.\nAdd a timeout value to this test to increase the timeout, if this is a long-running test. See https://jestjs.io/docs/api#testname-fn-timeout.\"\n    at beforeAll (/root/nets2120/project-instalite-wahoo/server/tests/integration.test.js:410:3)\n    at _dispatchDescribe (/root/nets2120/project-instalite-wahoo/node_modules/jest-circus/build/index.js:91:26)\n    at describe (/root/nets2120/project-instalite-wahoo/node_modules/jest-circus/build/index.js:55:5)\n    at describe (/root/nets2120/project-instalite-wahoo/server/tests/integration.test.js:365:1)\n    at processTicksAndRejections (node:internal/process/task_queues:105:5)"],"fullName":"Kafka Integration Tests Create post with image and verify Kafka processing","invocations":1,"location":null,"numPassingAsserts":0,"retryReasons":[],"status":"failed","title":"Create post with image and verify Kafka processing"},{"ancestorTitles":["Kafka Integration Tests"],"duration":1,"failureDetails":[{"message":"thrown: \"Exceeded timeout of 5000 ms for a hook.\nAdd a timeout value to this test to increase the timeout, if this is a long-running test. See https://jestjs.io/docs/api#testname-fn-timeout.\""}],"failureMessages":["Error: thrown: \"Exceeded timeout of 5000 ms for a hook.\nAdd a timeout value to this test to increase the timeout, if this is a long-running test. See https://jestjs.io/docs/api#testname-fn-timeout.\"\n    at beforeAll (/root/nets2120/project-instalite-wahoo/server/tests/integration.test.js:410:3)\n    at _dispatchDescribe (/root/nets2120/project-instalite-wahoo/node_modules/jest-circus/build/index.js:91:26)\n    at describe (/root/nets2120/project-instalite-wahoo/node_modules/jest-circus/build/index.js:55:5)\n    at describe (/root/nets2120/project-instalite-wahoo/server/tests/integration.test.js:365:1)\n    at processTicksAndRejections (node:internal/process/task_queues:105:5)"],"fullName":"Kafka Integration Tests Test Kafka with mocked image","invocations":1,"location":null,"numPassingAsserts":0,"retryReasons":[],"status":"failed","title":"Test Kafka with mocked image"}],"coverage":{},"endTime":1746434781566,"message":"\u001b[1m\u001b[31m  \u001b[1m● \u001b[22m\u001b[1mFriend Integration Tests › Full signup, login, and friendship flow\u001b[39m\u001b[22m\n\n    TypeError: Cannot read properties of undefined (reading 'trim')\n\u001b[2m\u001b[22m\n\u001b[2m    \u001b[0m \u001b[90m 76 |\u001b[39m         user\u001b[33m.\u001b[39mtrim()\u001b[33m.\u001b[39mlength \u001b[33m==\u001b[39m \u001b[35m0\u001b[39m \u001b[33m||\u001b[39m \u001b[22m\n\u001b[2m     \u001b[90m 77 |\u001b[39m         raw_pass\u001b[33m.\u001b[39mtrim()\u001b[33m.\u001b[39mlength \u001b[33m==\u001b[39m \u001b[35m0\u001b[39m \u001b[33m||\u001b[39m\u001b[22m\n\u001b[2m    \u001b[31m\u001b[1m>\u001b[22m\u001b[2m\u001b[39m\u001b[90m 78 |\u001b[39m         first_name\u001b[33m.\u001b[39mtrim()\u001b[33m.\u001b[39mlength \u001b[33m==\u001b[39m \u001b[35m0\u001b[39m \u001b[33m||\u001b[39m\u001b[22m\n\u001b[2m     \u001b[90m    |\u001b[39m                    \u001b[31m\u001b[1m^\u001b[22m\u001b[2m\u001b[39m\u001b[22m\n\u001b[2m     \u001b[90m 79 |\u001b[39m         last_name\u001b[33m.\u001b[39mtrim()\u001b[33m.\u001b[39mlength \u001b[33m==\u001b[39m \u001b[35m0\u001b[39m \u001b[33m||\u001b[39m\u001b[22m\n\u001b[2m     \u001b[90m 80 |\u001b[39m         birthday\u001b[33m.\u001b[39mtrim()\u001b[33m.\u001b[39mlength \u001b[33m==\u001b[39m \u001b[35m0\u001b[39m \u001b[33m||\u001b[39m\u001b[22m\n\u001b[2m     \u001b[90m 81 |\u001b[39m         email\u001b[33m.\u001b[39mtrim()\u001b[33m.\u001b[39mlength \u001b[33m==\u001b[39m \u001b[35m0\u001b[39m \u001b[33m||\u001b[39m\u001b[0m\u001b[22m\n\u001b[2m\u001b[22m\n\u001b[2m      \u001b[2mat trim (\u001b[22m\u001b[2mserver/routes/routes.js\u001b[2m:78:20)\u001b[22m\u001b[2m\u001b[22m\n\u001b[2m      \u001b[2mat Layer.handle [as handle_request] (\u001b[22m\u001b[2mnode_modules/express/lib/router/layer.js\u001b[2m:95:5)\u001b[22m\u001b[2m\u001b[22m\n\u001b[2m      \u001b[2mat next (\u001b[22m\u001b[2mnode_modules/express/lib/router/route.js\u001b[2m:149:13)\u001b[22m\u001b[2m\u001b[22m\n\u001b[2m      \u001b[2mat Route.dispatch (\u001b[22m\u001b[2mnode_modules/express/lib/router/route.js\u001b[2m:119:3)\u001b[22m\u001b[2m\u001b[22m\n\u001b[2m      \u001b[2mat Layer.handle [as handle_request] (\u001b[22m\u001b[2mnode_modules/express/lib/router/layer.js\u001b[2m:95:5)\u001b[22m\u001b[2m\u001b[22m\n\u001b[2m      \u001b[2mat \u001b[22m\u001b[2mnode_modules/express/lib/router/index.js\u001b[2m:284:15\u001b[22m\u001b[2m\u001b[22m\n\u001b[2m      \u001b[2mat Function.process_params (\u001b[22m\u001b[2mnode_modules/express/lib/router/index.js\u001b[2m:346:12)\u001b[22m\u001b[2m\u001b[22m\n\u001b[2m      \u001b[2mat next (\u001b[22m\u001b[2mnode_modules/express/lib/router/index.js\u001b[2m:280:10)\u001b[22m\u001b[2m\u001b[22m\n\u001b[2m      \u001b[2mat session (\u001b[22m\u001b[2mnode_modules/express-session/index.js\u001b[2m:487:7)\u001b[22m\u001b[2m\u001b[22m\n\u001b[2m      \u001b[2mat Layer.handle [as handle_request] (\u001b[22m\u001b[2mnode_modules/express/lib/router/layer.js\u001b[2m:95:5)\u001b[22m\u001b[2m\u001b[22m\n\u001b[2m      \u001b[2mat trim_prefix (\u001b[22m\u001b[2mnode_modules/express/lib/router/index.js\u001b[2m:328:13)\u001b[22m\u001b[2m\u001b[22m\n\u001b[2m      \u001b[2mat \u001b[22m\u001b[2mnode_modules/express/lib/router/index.js\u001b[2m:286:9\u001b[22m\u001b[2m\u001b[22m\n\u001b[2m      \u001b[2mat Function.process_params (\u001b[22m\u001b[2mnode_modules/express/lib/router/index.js\u001b[2m:346:12)\u001b[22m\u001b[2m\u001b[22m\n\u001b[2m      \u001b[2mat next (\u001b[22m\u001b[2mnode_modules/express/lib/router/index.js\u001b[2m:280:10)\u001b[22m\u001b[2m\u001b[22m\n\u001b[2m      \u001b[2mat \u001b[22m\u001b[2mnode_modules/body-parser/lib/read.js\u001b[2m:137:5\u001b[22m\u001b[2m\u001b[22m\n\u001b[2m      \u001b[2mat invokeCallback (\u001b[22m\u001b[2mnode_modules/raw-body/index.js\u001b[2m:238:16)\u001b[22m\u001b[2m\u001b[22m\n\u001b[2m      \u001b[2mat done (\u001b[22m\u001b[2mnode_modules/raw-body/index.js\u001b[2m:227:7)\u001b[22m\u001b[2m\u001b[22m\n\u001b[2m      \u001b[2mat IncomingMessage.onEnd (\u001b[22m\u001b[2mnode_modules/raw-body/index.js\u001b[2m:287:7)\u001b[22m\u001b[2m\u001b[22m\n\n\u001b[1m\u001b[31m  \u001b[1m● \u001b[22m\u001b[1mFriend Integration Tests › Full signup, login, and friendship flow\u001b[39m\u001b[22m\n\n    thrown: \"Exceeded timeout of 5000 ms for a test.\n    Add a timeout value to this test to increase the timeout, if this is a long-running test. See https://jestjs.io/docs/api#testname-fn-timeout.\"\n\u001b[2m\u001b[22m\n\u001b[2m    \u001b[0m \u001b[90m 169 |\u001b[39m\u001b[22m\n\u001b[2m     \u001b[90m 170 |\u001b[39m describe(\u001b[32m'Friend Integration Tests'\u001b[39m\u001b[33m,\u001b[39m () \u001b[33m=>\u001b[39m {\u001b[22m\n\u001b[2m    \u001b[31m\u001b[1m>\u001b[22m\u001b[2m\u001b[39m\u001b[90m 171 |\u001b[39m   test(\u001b[32m'Full signup, login, and friendship flow'\u001b[39m\u001b[33m,\u001b[39m \u001b[36masync\u001b[39m () \u001b[33m=>\u001b[39m {\u001b[22m\n\u001b[2m     \u001b[90m     |\u001b[39m   \u001b[31m\u001b[1m^\u001b[22m\u001b[2m\u001b[39m\u001b[22m\n\u001b[2m     \u001b[90m 172 |\u001b[39m     \u001b[36mtry\u001b[39m {\u001b[22m\n\u001b[2m     \u001b[90m 173 |\u001b[39m       \u001b[90m// register two test users\u001b[39m\u001b[22m\n\u001b[2m     \u001b[90m 174 |\u001b[39m       console\u001b[33m.\u001b[39mlog(\u001b[32m'Registering first user...'\u001b[39m)\u001b[33m;\u001b[39m\u001b[0m\u001b[22m\n\u001b[2m\u001b[22m\n\u001b[2m      \u001b[2mat test (\u001b[22m\u001b[2m\u001b[0m\u001b[36mserver/tests/integration.test.js\u001b[39m\u001b[0m\u001b[2m:171:3)\u001b[22m\u001b[2m\u001b[22m\n\u001b[2m      \u001b[2mat describe (\u001b[22m\u001b[2m\u001b[0m\u001b[36mserver/tests/integration.test.js\u001b[39m\u001b[0m\u001b[2m:170:1)\u001b[22m\u001b[2m\u001b[22m\n\n\u001b[1m\u001b[31m  \u001b[1m● \u001b[22m\u001b[1mKafka Integration Tests › Create post and verify it gets sent to Kafka\u001b[39m\u001b[22m\n\n    thrown: \"Exceeded timeout of 5000 ms for a hook.\n    Add a timeout value to this test to increase the timeout, if this is a long-running test. See https://jestjs.io/docs/api#testname-fn-timeout.\"\n\u001b[2m\u001b[22m\n\u001b[2m    \u001b[0m \u001b[90m 408 |\u001b[39m   \u001b[22m\n\u001b[2m     \u001b[90m 409 |\u001b[39m   \u001b[90m// create test user\u001b[39m\u001b[22m\n\u001b[2m    \u001b[31m\u001b[1m>\u001b[22m\u001b[2m\u001b[39m\u001b[90m 410 |\u001b[39m   beforeAll(\u001b[36masync\u001b[39m () \u001b[33m=>\u001b[39m {\u001b[22m\n\u001b[2m     \u001b[90m     |\u001b[39m   \u001b[31m\u001b[1m^\u001b[22m\u001b[2m\u001b[39m\u001b[22m\n\u001b[2m     \u001b[90m 411 |\u001b[39m     \u001b[36mtry\u001b[39m {\u001b[22m\n\u001b[2m     \u001b[90m 412 |\u001b[39m       \u001b[36mconst\u001b[39m kafkaTestUser \u001b[33m=\u001b[39m {\u001b[22m\n\u001b[2m     \u001b[90m 413 |\u001b[39m         username\u001b[33m:\u001b[39m \u001b[32m'kafka_test_user'\u001b[39m\u001b[33m,\u001b[39m\u001b[0m\u001b[22m\n\u001b[2m\u001b[22m\n\u001b[2m      \u001b[2mat beforeAll (\u001b[22m\u001b[2m\u001b[0m\u001b[36mserver/tests/integration.test.js\u001b[39m\u001b[0m\u001b[2m:410:3)\u001b[22m\u001b[2m\u001b[22m\n\u001b[2m      \u001b[2mat describe (\u001b[22m\u001b[2m\u001b[0m\u001b[36mserver/tests/integration.test.js\u001b[39m\u001b[0m\u001b[2m:365:1)\u001b[22m\u001b[2m\u001b[22m\n\n\u001b[1m\u001b[31m  \u001b[1m● \u001b[22m\u001b[1mKafka Integration Tests › Fetch Kafka posts from feed endpoint\u001b[39m\u001b[22m\n\n    thrown: \"Exceeded timeout of 5000 ms for a hook.\n    Add a timeout value to this test to increase the timeout, if this is a long-running test. See https://jestjs.io/docs/api#testname-fn-timeout.\"\n\u001b[2m\u001b[22m\n\u001b[2m    \u001b[0m \u001b[90m 408 |\u001b[39m   \u001b[22m\n\u001b[2m     \u001b[90m 409 |\u001b[39m   \u001b[90m// create test user\u001b[39m\u001b[22m\n\u001b[2m    \u001b[31m\u001b[1m>\u001b[22m\u001b[2m\u001b[39m\u001b[90m 410 |\u001b[39m   beforeAll(\u001b[36masync\u001b[39m () \u001b[33m=>\u001b[39m {\u001b[22m\n\u001b[2m     \u001b[90m     |\u001b[39m   \u001b[31m\u001b[1m^\u001b[22m\u001b[2m\u001b[39m\u001b[22m\n\u001b[2m     \u001b[90m 411 |\u001b[39m     \u001b[36mtry\u001b[39m {\u001b[22m\n\u001b[2m     \u001b[90m 412 |\u001b[39m       \u001b[36mconst\u001b[39m kafkaTestUser \u001b[33m=\u001b[39m {\u001b[22m\n\u001b[2m     \u001b[90m 413 |\u001b[39m         username\u001b[33m:\u001b[39m \u001b[32m'kafka_test_user'\u001b[39m\u001b[33m,\u001b[39m\u001b[0m\u001b[22m\n\u001b[2m\u001b[22m\n\u001b[2m      \u001b[2mat beforeAll (\u001b[22m\u001b[2m\u001b[0m\u001b[36mserver/tests/integration.test.js\u001b[39m\u001b[0m\u001b[2m:410:3)\u001b[22m\u001b[2m\u001b[22m\n\u001b[2m      \u001b[2mat describe (\u001b[22m\u001b[2m\u001b[0m\u001b[36mserver/tests/integration.test.js\u001b[39m\u001b[0m\u001b[2m:365:1)\u001b[22m\u001b[2m\u001b[22m\n\n\u001b[1m\u001b[31m  \u001b[1m● \u001b[22m\u001b[1mKafka Integration Tests › Create post with image and verify Kafka processing\u001b[39m\u001b[22m\n\n    thrown: \"Exceeded timeout of 5000 ms for a hook.\n    Add a timeout value to this test to increase the timeout, if this is a long-running test. See https://jestjs.io/docs/api#testname-fn-timeout.\"\n\u001b[2m\u001b[22m\n\u001b[2m    \u001b[0m \u001b[90m 408 |\u001b[39m   \u001b[22m\n\u001b[2m     \u001b[90m 409 |\u001b[39m   \u001b[90m// create test user\u001b[39m\u001b[22m\n\u001b[2m    \u001b[31m\u001b[1m>\u001b[22m\u001b[2m\u001b[39m\u001b[90m 410 |\u001b[39m   beforeAll(\u001b[36masync\u001b[39m () \u001b[33m=>\u001b[39m {\u001b[22m\n\u001b[2m     \u001b[90m     |\u001b[39m   \u001b[31m\u001b[1m^\u001b[22m\u001b[2m\u001b[39m\u001b[22m\n\u001b[2m     \u001b[90m 411 |\u001b[39m     \u001b[36mtry\u001b[39m {\u001b[22m\n\u001b[2m     \u001b[90m 412 |\u001b[39m       \u001b[36mconst\u001b[39m kafkaTestUser \u001b[33m=\u001b[39m {\u001b[22m\n\u001b[2m     \u001b[90m 413 |\u001b[39m         username\u001b[33m:\u001b[39m \u001b[32m'kafka_test_user'\u001b[39m\u001b[33m,\u001b[39m\u001b[0m\u001b[22m\n\u001b[2m\u001b[22m\n\u001b[2m      \u001b[2mat beforeAll (\u001b[22m\u001b[2m\u001b[0m\u001b[36mserver/tests/integration.test.js\u001b[39m\u001b[0m\u001b[2m:410:3)\u001b[22m\u001b[2m\u001b[22m\n\u001b[2m      \u001b[2mat describe (\u001b[22m\u001b[2m\u001b[0m\u001b[36mserver/tests/integration.test.js\u001b[39m\u001b[0m\u001b[2m:365:1)\u001b[22m\u001b[2m\u001b[22m\n\n\u001b[1m\u001b[31m  \u001b[1m● \u001b[22m\u001b[1mKafka Integration Tests › Test Kafka with mocked image\u001b[39m\u001b[22m\n\n    thrown: \"Exceeded timeout of 5000 ms for a hook.\n    Add a timeout value to this test to increase the timeout, if this is a long-running test. See https://jestjs.io/docs/api#testname-fn-timeout.\"\n\u001b[2m\u001b[22m\n\u001b[2m    \u001b[0m \u001b[90m 408 |\u001b[39m   \u001b[22m\n\u001b[2m     \u001b[90m 409 |\u001b[39m   \u001b[90m// create test user\u001b[39m\u001b[22m\n\u001b[2m    \u001b[31m\u001b[1m>\u001b[22m\u001b[2m\u001b[39m\u001b[90m 410 |\u001b[39m   beforeAll(\u001b[36masync\u001b[39m () \u001b[33m=>\u001b[39m {\u001b[22m\n\u001b[2m     \u001b[90m     |\u001b[39m   \u001b[31m\u001b[1m^\u001b[22m\u001b[2m\u001b[39m\u001b[22m\n\u001b[2m     \u001b[90m 411 |\u001b[39m     \u001b[36mtry\u001b[39m {\u001b[22m\n\u001b[2m     \u001b[90m 412 |\u001b[39m       \u001b[36mconst\u001b[39m kafkaTestUser \u001b[33m=\u001b[39m {\u001b[22m\n\u001b[2m     \u001b[90m 413 |\u001b[39m         username\u001b[33m:\u001b[39m \u001b[32m'kafka_test_user'\u001b[39m\u001b[33m,\u001b[39m\u001b[0m\u001b[22m\n\u001b[2m\u001b[22m\n\u001b[2m      \u001b[2mat beforeAll (\u001b[22m\u001b[2m\u001b[0m\u001b[36mserver/tests/integration.test.js\u001b[39m\u001b[0m\u001b[2m:410:3)\u001b[22m\u001b[2m\u001b[22m\n\u001b[2m      \u001b[2mat describe (\u001b[22m\u001b[2m\u001b[0m\u001b[36mserver/tests/integration.test.js\u001b[39m\u001b[0m\u001b[2m:365:1)\u001b[22m\u001b[2m\u001b[22m\n\n\n  \u001b[1m● \u001b[22mTest suite failed to run\n\n    TypeError: Cannot read properties of undefined (reading 'trim')\n\n    \u001b[0m \u001b[90m 76 |\u001b[39m         user\u001b[33m.\u001b[39mtrim()\u001b[33m.\u001b[39mlength \u001b[33m==\u001b[39m \u001b[35m0\u001b[39m \u001b[33m||\u001b[39m \n     \u001b[90m 77 |\u001b[39m         raw_pass\u001b[33m.\u001b[39mtrim()\u001b[33m.\u001b[39mlength \u001b[33m==\u001b[39m \u001b[35m0\u001b[39m \u001b[33m||\u001b[39m\n    \u001b[31m\u001b[1m>\u001b[22m\u001b[39m\u001b[90m 78 |\u001b[39m         first_name\u001b[33m.\u001b[39mtrim()\u001b[33m.\u001b[39mlength \u001b[33m==\u001b[39m \u001b[35m0\u001b[39m \u001b[33m||\u001b[39m\n     \u001b[90m    |\u001b[39m                    \u001b[31m\u001b[1m^\u001b[22m\u001b[39m\n     \u001b[90m 79 |\u001b[39m         last_name\u001b[33m.\u001b[39mtrim()\u001b[33m.\u001b[39mlength \u001b[33m==\u001b[39m \u001b[35m0\u001b[39m \u001b[33m||\u001b[39m\n     \u001b[90m 80 |\u001b[39m         birthday\u001b[33m.\u001b[39mtrim()\u001b[33m.\u001b[39mlength \u001b[33m==\u001b[39m \u001b[35m0\u001b[39m \u001b[33m||\u001b[39m\n     \u001b[90m 81 |\u001b[39m         email\u001b[33m.\u001b[39mtrim()\u001b[33m.\u001b[39mlength \u001b[33m==\u001b[39m \u001b[35m0\u001b[39m \u001b[33m||\u001b[39m\u001b[0m\n\n      \u001b[2mat trim (\u001b[22mserver/routes/routes.js\u001b[2m:78:20)\u001b[22m\n      \u001b[2mat Layer.handle [as handle_request] (\u001b[22mnode_modules/express/lib/router/layer.js\u001b[2m:95:5)\u001b[22m\n      \u001b[2mat next (\u001b[22mnode_modules/express/lib/router/route.js\u001b[2m:149:13)\u001b[22m\n      \u001b[2mat Route.dispatch (\u001b[22mnode_modules/express/lib/router/route.js\u001b[2m:119:3)\u001b[22m\n      \u001b[2mat Layer.handle [as handle_request] (\u001b[22mnode_modules/express/lib/router/layer.js\u001b[2m:95:5)\u001b[22m\n      \u001b[2mat \u001b[22mnode_modules/express/lib/router/index.js\u001b[2m:284:15\u001b[22m\n      \u001b[2mat Function.process_params (\u001b[22mnode_modules/express/lib/router/index.js\u001b[2m:346:12)\u001b[22m\n      \u001b[2mat next (\u001b[22mnode_modules/express/lib/router/index.js\u001b[2m:280:10)\u001b[22m\n      \u001b[2mat session (\u001b[22mnode_modules/express-session/index.js\u001b[2m:487:7)\u001b[22m\n      \u001b[2mat Layer.handle [as handle_request] (\u001b[22mnode_modules/express/lib/router/layer.js\u001b[2m:95:5)\u001b[22m\n      \u001b[2mat trim_prefix (\u001b[22mnode_modules/express/lib/router/index.js\u001b[2m:328:13)\u001b[22m\n      \u001b[2mat \u001b[22mnode_modules/express/lib/router/index.js\u001b[2m:286:9\u001b[22m\n      \u001b[2mat Function.process_params (\u001b[22mnode_modules/express/lib/router/index.js\u001b[2m:346:12)\u001b[22m\n      \u001b[2mat next (\u001b[22mnode_modules/express/lib/router/index.js\u001b[2m:280:10)\u001b[22m\n      \u001b[2mat \u001b[22mnode_modules/body-parser/lib/read.js\u001b[2m:137:5\u001b[22m\n      \u001b[2mat invokeCallback (\u001b[22mnode_modules/raw-body/index.js\u001b[2m:238:16)\u001b[22m\n      \u001b[2mat done (\u001b[22mnode_modules/raw-body/index.js\u001b[2m:227:7)\u001b[22m\n      \u001b[2mat IncomingMessage.onEnd (\u001b[22mnode_modules/raw-body/index.js\u001b[2m:287:7)\u001b[22m\n","name":"/root/nets2120/project-instalite-wahoo/server/tests/integration.test.js","startTime":1746434781566,"status":"failed","summary":""}],"wasInterrupted":false}
