{"numFailedTestSuites":0,"numFailedTests":0,"numPassedTestSuites":1,"numPassedTests":1,"numPendingTestSuites":0,"numPendingTests":0,"numRuntimeErrorTestSuites":0,"numTodoTests":0,"numTotalTestSuites":1,"numTotalTests":1,"openHandles":[],"snapshot":{"added":0,"didUpdate":false,"failure":false,"filesAdded":0,"filesRemoved":0,"filesRemovedList":[],"filesUnmatched":0,"filesUpdated":0,"matched":0,"total":0,"unchecked":0,"uncheckedKeysByFile":[],"unmatched":0,"updated":0},"startTime":1746341352389,"success":true,"testResults":[{"assertionResults":[{"ancestorTitles":["Friend Integration Tests"],"duration":490,"failureDetails":[],"failureMessages":[],"fullName":"Friend Integration Tests Full signup, login, and friendship flow","invocations":1,"location":null,"numPassingAsserts":22,"retryReasons":[],"status":"passed","title":"Full signup, login, and friendship flow"}],"endTime":1746341361232,"message":"","name":"/root/nets2120/project-instalite-wahoo/server/tests/integration.test.js","startTime":1746341352438,"status":"passed","summary":""}],"wasInterrupted":false}
