{
    "numFailedTestSuites": 1,
    "numFailedTests": 4,
    "numPassedTestSuites": 3,
    "numPassedTests": 6,
    "numPendingTestSuites": 0,
    "numPendingTests": 0,
    "numRuntimeErrorTestSuites": 0,
    "numTodoTests": 0,
    "numTotalTestSuites": 4,
    "numTotalTests": 10,
    "openHandles": [],
    "snapshot": {
        "added": 0,
        "didUpdate": false,
        "failure": false,
        "filesAdded": 0,
        "filesRemoved": 0,
        "filesRemovedList": [],
        "filesUnmatched": 0,
        "filesUpdated": 0,
        "matched": 0,
        "total": 0,
        "unchecked": 0,
        "uncheckedKeysByFile": [],
        "unmatched": 0,
        "updated": 0
    },
    "startTime": 1744773075831,
    "success": false,
    "testResults": [
        {
            "assertionResults": [
                {
                    "ancestorTitles": [
                        "S3 File Upload and Retrieval"
                    ],
                    "duration": 238,
                    "failureDetails": [],
                    "failureMessages": [],
                    "fullName": "S3 File Upload and Retrieval should upload and retrieve a file from S3",
                    "invocations": 1,
                    "location": null,
                    "numPassingAsserts": 1,
                    "retryReasons": [],
                    "status": "passed",
                    "title": "should upload and retrieve a file from S3"
                }
            ],
            "endTime": 1744773076879,
            "message": "",
            "name": "/root/nets2120/project-instalite-wahoo/instalite/server/tests/imageupload.test.js",
            "startTime": 1744773075878,
            "status": "passed",
            "summary": ""
        },
        {
            "assertionResults": [
                {
                    "ancestorTitles": [
                        "Chat Functionality Tests"
                    ],
                    "duration": 3,
                    "failureDetails": [
                        {
                            "message": "Table 'imdb_basic.chat_invites' doesn't exist",
                            "code": "ER_NO_SUCH_TABLE",
                            "errno": 1146,
                            "sql": "\n      INSERT INTO chat_invites (sender_id, receiver_id)\n      VALUES (123522, 123523)\n    ",
                            "sqlState": "42S02",
                            "sqlMessage": "Table 'imdb_basic.chat_invites' doesn't exist"
                        }
                    ],
                    "failureMessages": [
                        "Error: Table 'imdb_basic.chat_invites' doesn't exist\n    at PromiseConnection.query (/root/nets2120/project-instalite-wahoo/instalite/node_modules/mysql2/lib/promise/connection.js:29:22)\n    at RelationalDB.query [as send_sql] (/root/nets2120/project-instalite-wahoo/instalite/server/models/rdbms.js:79:26)\n    at send_sql (/root/nets2120/project-instalite-wahoo/instalite/server/tests/chatmode.test.js:8:15)\n    at processTicksAndRejections (node:internal/process/task_queues:105:5)\n    at Object.<anonymous> (/root/nets2120/project-instalite-wahoo/instalite/server/tests/chatmode.test.js:56:22)"
                    ],
                    "fullName": "Chat Functionality Tests Send chat invite creates invitation in database",
                    "invocations": 1,
                    "location": null,
                    "numPassingAsserts": 0,
                    "retryReasons": [],
                    "status": "failed",
                    "title": "Send chat invite creates invitation in database"
                },
                {
                    "ancestorTitles": [
                        "Chat Functionality Tests"
                    ],
                    "duration": 2,
                    "failureDetails": [
                        {
                            "message": "Table 'imdb_basic.chat_invites' doesn't exist",
                            "code": "ER_NO_SUCH_TABLE",
                            "errno": 1146,
                            "sql": "SELECT * FROM chat_invites WHERE sender_id = 123522 AND receiver_id = 123523",
                            "sqlState": "42S02",
                            "sqlMessage": "Table 'imdb_basic.chat_invites' doesn't exist"
                        }
                    ],
                    "failureMessages": [
                        "Error: Table 'imdb_basic.chat_invites' doesn't exist\n    at PromiseConnection.query (/root/nets2120/project-instalite-wahoo/instalite/node_modules/mysql2/lib/promise/connection.js:29:22)\n    at RelationalDB.query [as send_sql] (/root/nets2120/project-instalite-wahoo/instalite/server/models/rdbms.js:79:26)\n    at send_sql (/root/nets2120/project-instalite-wahoo/instalite/server/tests/chatmode.test.js:8:15)\n    at processTicksAndRejections (node:internal/process/task_queues:105:5)\n    at Object.<anonymous> (/root/nets2120/project-instalite-wahoo/instalite/server/tests/chatmode.test.js:76:28)"
                    ],
                    "fullName": "Chat Functionality Tests Accept chat invite creates a new chat room and adds both users",
                    "invocations": 1,
                    "location": null,
                    "numPassingAsserts": 0,
                    "retryReasons": [],
                    "status": "failed",
                    "title": "Accept chat invite creates a new chat room and adds both users"
                },
                {
                    "ancestorTitles": [
                        "Chat Functionality Tests"
                    ],
                    "duration": 2,
                    "failureDetails": [
                        {
                            "message": "Table 'imdb_basic.chat_messages' doesn't exist",
                            "code": "ER_NO_SUCH_TABLE",
                            "errno": 1146,
                            "sql": "\n        INSERT INTO chat_messages (room_id, sender_id, content) \n        VALUES (NULL, 123522, 'Test message from user 123522')",
                            "sqlState": "42S02",
                            "sqlMessage": "Table 'imdb_basic.chat_messages' doesn't exist"
                        }
                    ],
                    "failureMessages": [
                        "Error: Table 'imdb_basic.chat_messages' doesn't exist\n    at PromiseConnection.query (/root/nets2120/project-instalite-wahoo/instalite/node_modules/mysql2/lib/promise/connection.js:29:22)\n    at RelationalDB.query [as send_sql] (/root/nets2120/project-instalite-wahoo/instalite/server/models/rdbms.js:79:26)\n    at send_sql (/root/nets2120/project-instalite-wahoo/instalite/server/tests/chatmode.test.js:8:15)\n    at processTicksAndRejections (node:internal/process/task_queues:105:5)\n    at Object.<anonymous> (/root/nets2120/project-instalite-wahoo/instalite/server/tests/chatmode.test.js:129:7)"
                    ],
                    "fullName": "Chat Functionality Tests Add messages to chat room",
                    "invocations": 1,
                    "location": null,
                    "numPassingAsserts": 0,
                    "retryReasons": [],
                    "status": "failed",
                    "title": "Add messages to chat room"
                },
                {
                    "ancestorTitles": [
                        "Chat Functionality Tests"
                    ],
                    "duration": 2,
                    "failureDetails": [
                        {
                            "message": "Table 'imdb_basic.chat_members' doesn't exist",
                            "code": "ER_NO_SUCH_TABLE",
                            "errno": 1146,
                            "sql": "\n        DELETE FROM chat_members \n        WHERE room_id = NULL AND user_id = 123522",
                            "sqlState": "42S02",
                            "sqlMessage": "Table 'imdb_basic.chat_members' doesn't exist"
                        }
                    ],
                    "failureMessages": [
                        "Error: Table 'imdb_basic.chat_members' doesn't exist\n    at PromiseConnection.query (/root/nets2120/project-instalite-wahoo/instalite/node_modules/mysql2/lib/promise/connection.js:29:22)\n    at RelationalDB.query [as send_sql] (/root/nets2120/project-instalite-wahoo/instalite/server/models/rdbms.js:79:26)\n    at send_sql (/root/nets2120/project-instalite-wahoo/instalite/server/tests/chatmode.test.js:8:15)\n    at processTicksAndRejections (node:internal/process/task_queues:105:5)\n    at Object.<anonymous> (/root/nets2120/project-instalite-wahoo/instalite/server/tests/chatmode.test.js:153:7)"
                    ],
                    "fullName": "Chat Functionality Tests Users leave chat and chat is deleted when empty",
                    "invocations": 1,
                    "location": null,
                    "numPassingAsserts": 0,
                    "retryReasons": [],
                    "status": "failed",
                    "title": "Users leave chat and chat is deleted when empty"
                }
            ],
            "endTime": 1744773077175,
            "message": "\u001b[1m\u001b[31m  \u001b[1m● \u001b[22m\u001b[1mChat Functionality Tests › Send chat invite creates invitation in database\u001b[39m\u001b[22m\n\n    Table 'imdb_basic.chat_invites' doesn't exist\n\u001b[2m\u001b[22m\n\u001b[2m    \u001b[0m \u001b[90m 77 |\u001b[39m     \u001b[36masync\u001b[39m send_sql(sql\u001b[33m,\u001b[39m params \u001b[33m=\u001b[39m []) {\u001b[22m\n\u001b[2m     \u001b[90m 78 |\u001b[39m         \u001b[90m// console.log(sql, params);\u001b[39m\u001b[22m\n\u001b[2m    \u001b[31m\u001b[1m>\u001b[22m\u001b[2m\u001b[39m\u001b[90m 79 |\u001b[39m         \u001b[36mreturn\u001b[39m \u001b[36mthis\u001b[39m\u001b[33m.\u001b[39mconn\u001b[33m.\u001b[39mquery(sql\u001b[33m,\u001b[39m params)\u001b[33m;\u001b[39m\u001b[22m\n\u001b[2m     \u001b[90m    |\u001b[39m                          \u001b[31m\u001b[1m^\u001b[22m\u001b[2m\u001b[39m\u001b[22m\n\u001b[2m     \u001b[90m 80 |\u001b[39m     }\u001b[22m\n\u001b[2m     \u001b[90m 81 |\u001b[39m\u001b[22m\n\u001b[2m     \u001b[90m 82 |\u001b[39m\u001b[0m\u001b[22m\n\u001b[2m\u001b[22m\n\u001b[2m      \u001b[2mat PromiseConnection.query (\u001b[22m\u001b[2mnode_modules/mysql2/lib/promise/connection.js\u001b[2m:29:22)\u001b[22m\u001b[2m\u001b[22m\n\u001b[2m      \u001b[2mat RelationalDB.query [as send_sql] (\u001b[22m\u001b[2mserver/models/rdbms.js\u001b[2m:79:26)\u001b[22m\u001b[2m\u001b[22m\n\u001b[2m      \u001b[2mat send_sql (\u001b[22m\u001b[2m\u001b[0m\u001b[36mserver/tests/chatmode.test.js\u001b[39m\u001b[0m\u001b[2m:8:15)\u001b[22m\u001b[2m\u001b[22m\n\u001b[2m      \u001b[2mat Object.<anonymous> (\u001b[22m\u001b[2m\u001b[0m\u001b[36mserver/tests/chatmode.test.js\u001b[39m\u001b[0m\u001b[2m:56:22)\u001b[22m\u001b[2m\u001b[22m\n\n\u001b[1m\u001b[31m  \u001b[1m● \u001b[22m\u001b[1mChat Functionality Tests › Accept chat invite creates a new chat room and adds both users\u001b[39m\u001b[22m\n\n    Table 'imdb_basic.chat_invites' doesn't exist\n\u001b[2m\u001b[22m\n\u001b[2m    \u001b[0m \u001b[90m 77 |\u001b[39m     \u001b[36masync\u001b[39m send_sql(sql\u001b[33m,\u001b[39m params \u001b[33m=\u001b[39m []) {\u001b[22m\n\u001b[2m     \u001b[90m 78 |\u001b[39m         \u001b[90m// console.log(sql, params);\u001b[39m\u001b[22m\n\u001b[2m    \u001b[31m\u001b[1m>\u001b[22m\u001b[2m\u001b[39m\u001b[90m 79 |\u001b[39m         \u001b[36mreturn\u001b[39m \u001b[36mthis\u001b[39m\u001b[33m.\u001b[39mconn\u001b[33m.\u001b[39mquery(sql\u001b[33m,\u001b[39m params)\u001b[33m;\u001b[39m\u001b[22m\n\u001b[2m     \u001b[90m    |\u001b[39m                          \u001b[31m\u001b[1m^\u001b[22m\u001b[2m\u001b[39m\u001b[22m\n\u001b[2m     \u001b[90m 80 |\u001b[39m     }\u001b[22m\n\u001b[2m     \u001b[90m 81 |\u001b[39m\u001b[22m\n\u001b[2m     \u001b[90m 82 |\u001b[39m\u001b[0m\u001b[22m\n\u001b[2m\u001b[22m\n\u001b[2m      \u001b[2mat PromiseConnection.query (\u001b[22m\u001b[2mnode_modules/mysql2/lib/promise/connection.js\u001b[2m:29:22)\u001b[22m\u001b[2m\u001b[22m\n\u001b[2m      \u001b[2mat RelationalDB.query [as send_sql] (\u001b[22m\u001b[2mserver/models/rdbms.js\u001b[2m:79:26)\u001b[22m\u001b[2m\u001b[22m\n\u001b[2m      \u001b[2mat send_sql (\u001b[22m\u001b[2m\u001b[0m\u001b[36mserver/tests/chatmode.test.js\u001b[39m\u001b[0m\u001b[2m:8:15)\u001b[22m\u001b[2m\u001b[22m\n\u001b[2m      \u001b[2mat Object.<anonymous> (\u001b[22m\u001b[2m\u001b[0m\u001b[36mserver/tests/chatmode.test.js\u001b[39m\u001b[0m\u001b[2m:76:28)\u001b[22m\u001b[2m\u001b[22m\n\n\u001b[1m\u001b[31m  \u001b[1m● \u001b[22m\u001b[1mChat Functionality Tests › Add messages to chat room\u001b[39m\u001b[22m\n\n    Table 'imdb_basic.chat_messages' doesn't exist\n\u001b[2m\u001b[22m\n\u001b[2m    \u001b[0m \u001b[90m 77 |\u001b[39m     \u001b[36masync\u001b[39m send_sql(sql\u001b[33m,\u001b[39m params \u001b[33m=\u001b[39m []) {\u001b[22m\n\u001b[2m     \u001b[90m 78 |\u001b[39m         \u001b[90m// console.log(sql, params);\u001b[39m\u001b[22m\n\u001b[2m    \u001b[31m\u001b[1m>\u001b[22m\u001b[2m\u001b[39m\u001b[90m 79 |\u001b[39m         \u001b[36mreturn\u001b[39m \u001b[36mthis\u001b[39m\u001b[33m.\u001b[39mconn\u001b[33m.\u001b[39mquery(sql\u001b[33m,\u001b[39m params)\u001b[33m;\u001b[39m\u001b[22m\n\u001b[2m     \u001b[90m    |\u001b[39m                          \u001b[31m\u001b[1m^\u001b[22m\u001b[2m\u001b[39m\u001b[22m\n\u001b[2m     \u001b[90m 80 |\u001b[39m     }\u001b[22m\n\u001b[2m     \u001b[90m 81 |\u001b[39m\u001b[22m\n\u001b[2m     \u001b[90m 82 |\u001b[39m\u001b[0m\u001b[22m\n\u001b[2m\u001b[22m\n\u001b[2m      \u001b[2mat PromiseConnection.query (\u001b[22m\u001b[2mnode_modules/mysql2/lib/promise/connection.js\u001b[2m:29:22)\u001b[22m\u001b[2m\u001b[22m\n\u001b[2m      \u001b[2mat RelationalDB.query [as send_sql] (\u001b[22m\u001b[2mserver/models/rdbms.js\u001b[2m:79:26)\u001b[22m\u001b[2m\u001b[22m\n\u001b[2m      \u001b[2mat send_sql (\u001b[22m\u001b[2m\u001b[0m\u001b[36mserver/tests/chatmode.test.js\u001b[39m\u001b[0m\u001b[2m:8:15)\u001b[22m\u001b[2m\u001b[22m\n\u001b[2m      \u001b[2mat Object.<anonymous> (\u001b[22m\u001b[2m\u001b[0m\u001b[36mserver/tests/chatmode.test.js\u001b[39m\u001b[0m\u001b[2m:129:7)\u001b[22m\u001b[2m\u001b[22m\n\n\u001b[1m\u001b[31m  \u001b[1m● \u001b[22m\u001b[1mChat Functionality Tests › Users leave chat and chat is deleted when empty\u001b[39m\u001b[22m\n\n    Table 'imdb_basic.chat_members' doesn't exist\n\u001b[2m\u001b[22m\n\u001b[2m    \u001b[0m \u001b[90m 77 |\u001b[39m     \u001b[36masync\u001b[39m send_sql(sql\u001b[33m,\u001b[39m params \u001b[33m=\u001b[39m []) {\u001b[22m\n\u001b[2m     \u001b[90m 78 |\u001b[39m         \u001b[90m// console.log(sql, params);\u001b[39m\u001b[22m\n\u001b[2m    \u001b[31m\u001b[1m>\u001b[22m\u001b[2m\u001b[39m\u001b[90m 79 |\u001b[39m         \u001b[36mreturn\u001b[39m \u001b[36mthis\u001b[39m\u001b[33m.\u001b[39mconn\u001b[33m.\u001b[39mquery(sql\u001b[33m,\u001b[39m params)\u001b[33m;\u001b[39m\u001b[22m\n\u001b[2m     \u001b[90m    |\u001b[39m                          \u001b[31m\u001b[1m^\u001b[22m\u001b[2m\u001b[39m\u001b[22m\n\u001b[2m     \u001b[90m 80 |\u001b[39m     }\u001b[22m\n\u001b[2m     \u001b[90m 81 |\u001b[39m\u001b[22m\n\u001b[2m     \u001b[90m 82 |\u001b[39m\u001b[0m\u001b[22m\n\u001b[2m\u001b[22m\n\u001b[2m      \u001b[2mat PromiseConnection.query (\u001b[22m\u001b[2mnode_modules/mysql2/lib/promise/connection.js\u001b[2m:29:22)\u001b[22m\u001b[2m\u001b[22m\n\u001b[2m      \u001b[2mat RelationalDB.query [as send_sql] (\u001b[22m\u001b[2mserver/models/rdbms.js\u001b[2m:79:26)\u001b[22m\u001b[2m\u001b[22m\n\u001b[2m      \u001b[2mat send_sql (\u001b[22m\u001b[2m\u001b[0m\u001b[36mserver/tests/chatmode.test.js\u001b[39m\u001b[0m\u001b[2m:8:15)\u001b[22m\u001b[2m\u001b[22m\n\u001b[2m      \u001b[2mat Object.<anonymous> (\u001b[22m\u001b[2m\u001b[0m\u001b[36mserver/tests/chatmode.test.js\u001b[39m\u001b[0m\u001b[2m:153:7)\u001b[22m\u001b[2m\u001b[22m\n",
            "name": "/root/nets2120/project-instalite-wahoo/instalite/server/tests/chatmode.test.js",
            "startTime": 1744773076896,
            "status": "failed",
            "summary": ""
        },
        {
            "assertionResults": [
                {
                    "ancestorTitles": [],
                    "duration": 36,
                    "failureDetails": [],
                    "failureMessages": [],
                    "fullName": "Hello world",
                    "invocations": 1,
                    "location": null,
                    "numPassingAsserts": 0,
                    "retryReasons": [],
                    "status": "passed",
                    "title": "Hello world"
                },
                {
                    "ancestorTitles": [
                        "Basic sanity checks"
                    ],
                    "duration": 64,
                    "failureDetails": [],
                    "failureMessages": [],
                    "fullName": "Basic sanity checks encryptPassword",
                    "invocations": 1,
                    "location": null,
                    "numPassingAsserts": 0,
                    "retryReasons": [],
                    "status": "passed",
                    "title": "encryptPassword"
                },
                {
                    "ancestorTitles": [
                        "Basic sanity checks"
                    ],
                    "duration": 3,
                    "failureDetails": [],
                    "failureMessages": [],
                    "fullName": "Basic sanity checks sampleDbInitializes",
                    "invocations": 1,
                    "location": null,
                    "numPassingAsserts": 3,
                    "retryReasons": [],
                    "status": "passed",
                    "title": "sampleDbInitializes"
                }
            ],
            "endTime": 1744773079747,
            "message": "",
            "name": "/root/nets2120/project-instalite-wahoo/instalite/server/tests/provided.test.js",
            "startTime": 1744773077181,
            "status": "passed",
            "summary": ""
        },
        {
            "assertionResults": [
                {
                    "ancestorTitles": [
                        "TSV Indexing Pipeline"
                    ],
                    "duration": 9,
                    "failureDetails": [],
                    "failureMessages": [],
                    "fullName": "TSV Indexing Pipeline Should parse TSV content correctly",
                    "invocations": 1,
                    "location": null,
                    "numPassingAsserts": 1,
                    "retryReasons": [],
                    "status": "passed",
                    "title": "Should parse TSV content correctly"
                },
                {
                    "ancestorTitles": [
                        "TSV Indexing Pipeline"
                    ],
                    "duration": 392,
                    "failureDetails": [],
                    "failureMessages": [],
                    "fullName": "TSV Indexing Pipeline Should generate embedding of 1536 dimensions",
                    "invocations": 1,
                    "location": null,
                    "numPassingAsserts": 1537,
                    "retryReasons": [],
                    "status": "passed",
                    "title": "Should generate embedding of 1536 dimensions"
                }
            ],
            "endTime": 1744773080364,
            "message": "",
            "name": "/root/nets2120/project-instalite-wahoo/instalite/server/tests/chatbot.test.js",
            "startTime": 1744773079761,
            "status": "passed",
            "summary": ""
        }
    ],
    "wasInterrupted": false
}