{"numFailedTestSuites":0,"numFailedTests":0,"numPassedTestSuites":1,"numPassedTests":4,"numPendingTestSuites":0,"numPendingTests":0,"numRuntimeErrorTestSuites":0,"numTodoTests":0,"numTotalTestSuites":1,"numTotalTests":4,"openHandles":[],"snapshot":{"added":0,"didUpdate":false,"failure":false,"filesAdded":0,"filesRemoved":0,"filesRemovedList":[],"filesUnmatched":0,"filesUpdated":0,"matched":0,"total":0,"unchecked":0,"uncheckedKeysByFile":[],"unmatched":0,"updated":0},"startTime":1744768109655,"success":true,"testResults":[{"assertionResults":[{"ancestorTitles":["Chat Functionality Tests"],"duration":9,"failureDetails":[],"failureMessages":[],"fullName":"Chat Functionality Tests Send chat invite creates invitation in database","invocations":1,"location":null,"numPassingAsserts":1,"retryReasons":[],"status":"passed","title":"Send chat invite creates invitation in database"},{"ancestorTitles":["Chat Functionality Tests"],"duration":15,"failureDetails":[],"failureMessages":[],"fullName":"Chat Functionality Tests Accept chat invite creates a new chat room and adds both users","invocations":1,"location":null,"numPassingAsserts":3,"retryReasons":[],"status":"passed","title":"Accept chat invite creates a new chat room and adds both users"},{"ancestorTitles":["Chat Functionality Tests"],"duration":5,"failureDetails":[],"failureMessages":[],"fullName":"Chat Functionality Tests Add messages to chat room","invocations":1,"location":null,"numPassingAsserts":1,"retryReasons":[],"status":"passed","title":"Add messages to chat room"},{"ancestorTitles":["Chat Functionality Tests"],"duration":12,"failureDetails":[],"failureMessages":[],"fullName":"Chat Functionality Tests Users leave chat and chat is deleted when empty","invocations":1,"location":null,"numPassingAsserts":5,"retryReasons":[],"status":"passed","title":"Users leave chat and chat is deleted when empty"}],"endTime":1744768110252,"message":"","name":"/root/nets2120/project-instalite-wahoo/instalite/server/tests/chatmode.test.js","startTime":1744768109710,"status":"passed","summary":""}],"wasInterrupted":false}
